{"/Users/Peter/Coding/Node/Projects/WorkersOverlapingTime/src/index.ts": {"path":"/Users/Peter/Coding/Node/Projects/WorkersOverlapingTime/src/index.ts","statementMap":{"0":{"start":{"line":1,"column":0},"end":{"line":1,"column":51}},"1":{"start":{"line":2,"column":0},"end":{"line":2,"column":59}},"2":{"start":{"line":3,"column":0},"end":{"line":3,"column":55}},"3":{"start":{"line":5,"column":25},"end":{"line":5,"column":40}},"4":{"start":{"line":6,"column":19},"end":{"line":6,"column":51}},"5":{"start":{"line":7,"column":18},"end":{"line":7,"column":59}},"6":{"start":{"line":8,"column":21},"end":{"line":8,"column":56}},"7":{"start":{"line":10,"column":0},"end":{"line":10,"column":null}}},"fnMap":{},"branchMap":{},"s":{"0":0,"1":0,"2":0,"3":0,"4":0,"5":0,"6":0,"7":0},"f":{},"b":{}}
,"/Users/Peter/Coding/Node/Projects/WorkersOverlapingTime/src/DataFetching/DataLoader.ts": {"path":"/Users/Peter/Coding/Node/Projects/WorkersOverlapingTime/src/DataFetching/DataLoader.ts","statementMap":{"0":{"start":{"line":4,"column":2},"end":{"line":4,"column":25}},"1":{"start":{"line":5,"column":2},"end":{"line":5,"column":20}},"2":{"start":{"line":8,"column":4},"end":{"line":8,"column":21}},"3":{"start":{"line":12,"column":4},"end":{"line":12,"column":51}},"4":{"start":{"line":3,"column":0},"end":{"line":3,"column":21}}},"fnMap":{"0":{"name":"(anonymous_0)","decl":{"start":{"line":7,"column":2},"end":{"line":7,"column":14}},"loc":{"start":{"line":7,"column":26},"end":{"line":9,"column":3}}},"1":{"name":"(anonymous_1)","decl":{"start":{"line":11,"column":2},"end":{"line":11,"column":16}},"loc":{"start":{"line":11,"column":49},"end":{"line":13,"column":3}}}},"branchMap":{},"s":{"0":5,"1":5,"2":5,"3":5,"4":1},"f":{"0":5,"1":5},"b":{}}
,"/Users/Peter/Coding/Node/Projects/WorkersOverlapingTime/src/DataFetching/TextFileLoader.ts": {"path":"/Users/Peter/Coding/Node/Projects/WorkersOverlapingTime/src/DataFetching/TextFileLoader.ts","statementMap":{"0":{"start":{"line":4,"column":0},"end":{"line":4,"column":25}},"1":{"start":{"line":8,"column":30},"end":{"line":8,"column":32}},"2":{"start":{"line":9,"column":4},"end":{"line":17,"column":null}},"3":{"start":{"line":10,"column":6},"end":{"line":10,"column":51}},"4":{"start":{"line":12,"column":6},"end":{"line":16,"column":null}},"5":{"start":{"line":13,"column":8},"end":{"line":13,"column":24}},"6":{"start":{"line":14,"column":13},"end":{"line":16,"column":null}},"7":{"start":{"line":15,"column":8},"end":{"line":15,"column":31}},"8":{"start":{"line":18,"column":4},"end":{"line":18,"column":38}},"9":{"start":{"line":18,"column":28},"end":{"line":18,"column":38}},"10":{"start":{"line":19,"column":4},"end":{"line":19,"column":52}},"11":{"start":{"line":19,"column":42},"end":{"line":19,"column":52}},"12":{"start":{"line":20,"column":4},"end":{"line":20,"column":49}},"13":{"start":{"line":24,"column":27},"end":{"line":24,"column":31}},"14":{"start":{"line":25,"column":4},"end":{"line":27,"column":null}},"15":{"start":{"line":26,"column":6},"end":{"line":26,"column":60}},"16":{"start":{"line":26,"column":44},"end":{"line":26,"column":60}},"17":{"start":{"line":28,"column":4},"end":{"line":28,"column":51}},"18":{"start":{"line":28,"column":18},"end":{"line":28,"column":51}},"19":{"start":{"line":29,"column":4},"end":{"line":29,"column":19}},"20":{"start":{"line":33,"column":4},"end":{"line":33,"column":33}},"21":{"start":{"line":33,"column":21},"end":{"line":33,"column":33}},"22":{"start":{"line":35,"column":6},"end":{"line":35,"column":85}},"23":{"start":{"line":36,"column":20},"end":{"line":36,"column":36}},"24":{"start":{"line":37,"column":4},"end":{"line":37,"column":19}},"25":{"start":{"line":41,"column":35},"end":{"line":41,"column":37}},"26":{"start":{"line":42,"column":4},"end":{"line":47,"column":null}},"27":{"start":{"line":43,"column":6},"end":{"line":43,"column":32}},"28":{"start":{"line":43,"column":23},"end":{"line":43,"column":32}},"29":{"start":{"line":44,"column":40},"end":{"line":44,"column":73}},"30":{"start":{"line":45,"column":39},"end":{"line":45,"column":80}},"31":{"start":{"line":46,"column":6},"end":{"line":46,"column":39}},"32":{"start":{"line":48,"column":4},"end":{"line":48,"column":21}},"33":{"start":{"line":53,"column":4},"end":{"line":60,"column":7}},"34":{"start":{"line":54,"column":51},"end":{"line":54,"column":81}},"35":{"start":{"line":55,"column":6},"end":{"line":59,"column":8}},"36":{"start":{"line":64,"column":19},"end":{"line":64,"column":45}},"37":{"start":{"line":65,"column":25},"end":{"line":65,"column":51}},"38":{"start":{"line":66,"column":23},"end":{"line":66,"column":50}},"39":{"start":{"line":67,"column":4},"end":{"line":67,"column":48}},"40":{"start":{"line":74,"column":36},"end":{"line":74,"column":51}},"41":{"start":{"line":75,"column":28},"end":{"line":75,"column":54}},"42":{"start":{"line":76,"column":4},"end":{"line":76,"column":37}},"43":{"start":{"line":6,"column":0},"end":{"line":6,"column":21}}},"fnMap":{"0":{"name":"(anonymous_6)","decl":{"start":{"line":7,"column":2},"end":{"line":7,"column":16}},"loc":{"start":{"line":7,"column":29},"end":{"line":21,"column":3}}},"1":{"name":"(anonymous_7)","decl":{"start":{"line":23,"column":10},"end":{"line":23,"column":23}},"loc":{"start":{"line":23,"column":43},"end":{"line":30,"column":3}}},"2":{"name":"(anonymous_8)","decl":{"start":{"line":32,"column":10},"end":{"line":32,"column":21}},"loc":{"start":{"line":32,"column":34},"end":{"line":38,"column":3}}},"3":{"name":"(anonymous_9)","decl":{"start":{"line":40,"column":10},"end":{"line":40,"column":29}},"loc":{"start":{"line":40,"column":49},"end":{"line":49,"column":3}}},"4":{"name":"(anonymous_10)","decl":{"start":{"line":52,"column":10},"end":{"line":52,"column":29}},"loc":{"start":{"line":52,"column":55},"end":{"line":61,"column":3}}},"5":{"name":"(anonymous_11)","decl":{"start":{"line":53,"column":31},"end":{"line":53,"column":32}},"loc":{"start":{"line":53,"column":50},"end":{"line":60,"column":5}}},"6":{"name":"(anonymous_12)","decl":{"start":{"line":63,"column":10},"end":{"line":63,"column":19}},"loc":{"start":{"line":63,"column":42},"end":{"line":68,"column":3}}},"7":{"name":"(anonymous_13)","decl":{"start":{"line":70,"column":10},"end":{"line":70,"column":32}},"loc":{"start":{"line":70,"column":45},"end":{"line":77,"column":3}}}},"branchMap":{"0":{"loc":{"start":{"line":12,"column":6},"end":{"line":16,"column":null}},"type":"if","locations":[{"start":{"line":12,"column":6},"end":{"line":16,"column":null}},{"start":{"line":14,"column":13},"end":{"line":16,"column":null}}]},"1":{"loc":{"start":{"line":14,"column":13},"end":{"line":16,"column":null}},"type":"if","locations":[{"start":{"line":14,"column":13},"end":{"line":16,"column":null}}]},"2":{"loc":{"start":{"line":18,"column":4},"end":{"line":18,"column":38}},"type":"if","locations":[{"start":{"line":18,"column":4},"end":{"line":18,"column":38}}]},"3":{"loc":{"start":{"line":19,"column":4},"end":{"line":19,"column":52}},"type":"if","locations":[{"start":{"line":19,"column":4},"end":{"line":19,"column":52}}]},"4":{"loc":{"start":{"line":26,"column":6},"end":{"line":26,"column":60}},"type":"if","locations":[{"start":{"line":26,"column":6},"end":{"line":26,"column":60}}]},"5":{"loc":{"start":{"line":28,"column":4},"end":{"line":28,"column":51}},"type":"if","locations":[{"start":{"line":28,"column":4},"end":{"line":28,"column":51}}]},"6":{"loc":{"start":{"line":33,"column":4},"end":{"line":33,"column":33}},"type":"if","locations":[{"start":{"line":33,"column":4},"end":{"line":33,"column":33}}]},"7":{"loc":{"start":{"line":43,"column":6},"end":{"line":43,"column":32}},"type":"if","locations":[{"start":{"line":43,"column":6},"end":{"line":43,"column":32}}]}},"s":{"0":1,"1":5,"2":5,"3":5,"4":1,"5":0,"6":1,"7":0,"8":5,"9":2,"10":3,"11":1,"12":2,"13":3,"14":3,"15":10,"16":1,"17":3,"18":1,"19":3,"20":10,"21":2,"22":8,"23":8,"24":8,"25":2,"26":2,"27":6,"28":1,"29":5,"30":5,"31":5,"32":2,"33":5,"34":19,"35":19,"36":19,"37":19,"38":19,"39":19,"40":5,"41":5,"42":5,"43":1},"f":{"0":5,"1":3,"2":10,"3":2,"4":5,"5":19,"6":19,"7":5},"b":{"0":[0,1],"1":[0],"2":[2],"3":[1],"4":[1],"5":[1],"6":[2],"7":[1]}}
,"/Users/Peter/Coding/Node/Projects/WorkersOverlapingTime/src/Employee/CommonEmployee.ts": {"path":"/Users/Peter/Coding/Node/Projects/WorkersOverlapingTime/src/Employee/CommonEmployee.ts","statementMap":{"0":{"start":{"line":1,"column":0},"end":{"line":1,"column":34}},"1":{"start":{"line":7,"column":4},"end":{"line":7,"column":26}},"2":{"start":{"line":5,"column":2},"end":{"line":5,"column":null}},"3":{"start":{"line":4,"column":0},"end":{"line":4,"column":21}}},"fnMap":{"0":{"name":"(anonymous_1)","decl":{"start":{"line":6,"column":2},"end":{"line":6,"column":14}},"loc":{"start":{"line":6,"column":51},"end":{"line":8,"column":3}}}},"branchMap":{},"s":{"0":1,"1":0,"2":0,"3":1},"f":{"0":0},"b":{}}
,"/Users/Peter/Coding/Node/Projects/WorkersOverlapingTime/src/Employee/Employee.ts": {"path":"/Users/Peter/Coding/Node/Projects/WorkersOverlapingTime/src/Employee/Employee.ts","statementMap":{"0":{"start":{"line":8,"column":4},"end":{"line":8,"column":20}},"1":{"start":{"line":9,"column":4},"end":{"line":9,"column":29}},"2":{"start":{"line":4,"column":0},"end":{"line":4,"column":21}}},"fnMap":{"0":{"name":"(anonymous_0)","decl":{"start":{"line":7,"column":2},"end":{"line":7,"column":15}},"loc":{"start":{"line":7,"column":52},"end":{"line":10,"column":3}}}},"branchMap":{},"s":{"0":0,"1":0,"2":1},"f":{"0":0},"b":{}}
,"/Users/Peter/Coding/Node/Projects/WorkersOverlapingTime/src/Employee/EmployeeFactory.ts": {"path":"/Users/Peter/Coding/Node/Projects/WorkersOverlapingTime/src/Employee/EmployeeFactory.ts","statementMap":{"0":{"start":{"line":1,"column":0},"end":{"line":1,"column":46}},"1":{"start":{"line":8,"column":4},"end":{"line":8,"column":null}},"2":{"start":{"line":8,"column":26},"end":{"line":8,"column":null}},"3":{"start":{"line":9,"column":4},"end":{"line":9,"column":null}},"4":{"start":{"line":5,"column":0},"end":{"line":5,"column":21}}},"fnMap":{"0":{"name":"(anonymous_1)","decl":{"start":{"line":6,"column":2},"end":{"line":6,"column":8}},"loc":{"start":{"line":6,"column":72},"end":{"line":10,"column":3}}}},"branchMap":{"0":{"loc":{"start":{"line":8,"column":4},"end":{"line":8,"column":null}},"type":"if","locations":[{"start":{"line":8,"column":4},"end":{"line":8,"column":null}}]}},"s":{"0":1,"1":0,"2":0,"3":0,"4":1},"f":{"0":0},"b":{"0":[0]}}
,"/Users/Peter/Coding/Node/Projects/WorkersOverlapingTime/src/Organization/Organization.ts": {"path":"/Users/Peter/Coding/Node/Projects/WorkersOverlapingTime/src/Organization/Organization.ts","statementMap":{"0":{"start":{"line":1,"column":0},"end":{"line":1,"column":58}},"1":{"start":{"line":6,"column":2},"end":{"line":6,"column":30}},"2":{"start":{"line":24,"column":2},"end":{"line":44,"column":null}},"3":{"start":{"line":25,"column":31},"end":{"line":25,"column":33}},"4":{"start":{"line":27,"column":2},"end":{"line":41,"column":null}},"5":{"start":{"line":27,"column":15},"end":{"line":27,"column":16}},"6":{"start":{"line":28,"column":4},"end":{"line":40,"column":null}},"7":{"start":{"line":28,"column":17},"end":{"line":28,"column":22}},"8":{"start":{"line":29,"column":61},"end":{"line":29,"column":93}},"9":{"start":{"line":30,"column":25},"end":{"line":30,"column":26}},"10":{"start":{"line":32,"column":6},"end":{"line":38,"column":null}},"11":{"start":{"line":33,"column":8},"end":{"line":37,"column":null}},"12":{"start":{"line":34,"column":10},"end":{"line":36,"column":null}},"13":{"start":{"line":35,"column":12},"end":{"line":35,"column":27}},"14":{"start":{"line":39,"column":6},"end":{"line":39,"column":76}},"15":{"start":{"line":43,"column":2},"end":{"line":43,"column":18}},"16":{"start":{"line":9,"column":4},"end":{"line":9,"column":21}},"17":{"start":{"line":10,"column":4},"end":{"line":10,"column":31}},"18":{"start":{"line":14,"column":4},"end":{"line":21,"column":null}},"19":{"start":{"line":15,"column":26},"end":{"line":18,"column":null}},"20":{"start":{"line":20,"column":6},"end":{"line":20,"column":39}},"21":{"start":{"line":48,"column":22},"end":{"line":48,"column":39}},"22":{"start":{"line":49,"column":22},"end":{"line":49,"column":40}},"23":{"start":{"line":50,"column":22},"end":{"line":50,"column":39}},"24":{"start":{"line":51,"column":22},"end":{"line":51,"column":40}},"25":{"start":{"line":52,"column":4},"end":{"line":52,"column":58}},"26":{"start":{"line":4,"column":0},"end":{"line":4,"column":21}}},"fnMap":{"0":{"name":"(anonymous_1)","decl":{"start":{"line":8,"column":2},"end":{"line":8,"column":14}},"loc":{"start":{"line":8,"column":55},"end":{"line":11,"column":3}}},"1":{"name":"(anonymous_2)","decl":{"start":{"line":24,"column":29},"end":{"line":24,"column":42}},"loc":{"start":{"line":24,"column":44},"end":{"line":44,"column":3}}},"2":{"name":"(anonymous_3)","decl":{"start":{"line":13,"column":2},"end":{"line":13,"column":14}},"loc":{"start":{"line":13,"column":37},"end":{"line":22,"column":3}}},"3":{"name":"(anonymous_4)","decl":{"start":{"line":47,"column":10},"end":{"line":47,"column":31}},"loc":{"start":{"line":47,"column":52},"end":{"line":53,"column":3}}}},"branchMap":{"0":{"loc":{"start":{"line":8,"column":28},"end":{"line":8,"column":55}},"type":"default-arg","locations":[{"start":{"line":8,"column":53},"end":{"line":8,"column":55}}]},"1":{"loc":{"start":{"line":34,"column":10},"end":{"line":36,"column":null}},"type":"if","locations":[{"start":{"line":34,"column":10},"end":{"line":36,"column":null}}]},"2":{"loc":{"start":{"line":34,"column":14},"end":{"line":34,"column":149}},"type":"binary-expr","locations":[{"start":{"line":34,"column":14},"end":{"line":34,"column":51}},{"start":{"line":34,"column":55},"end":{"line":34,"column":100}},{"start":{"line":34,"column":104},"end":{"line":34,"column":149}}]}},"s":{"0":1,"1":4,"2":4,"3":4,"4":4,"5":4,"6":15,"7":15,"8":24,"9":24,"10":24,"11":99,"12":341,"13":37,"14":24,"15":4,"16":4,"17":4,"18":0,"19":0,"20":0,"21":24,"22":24,"23":24,"24":24,"25":24,"26":1},"f":{"0":4,"1":4,"2":0,"3":24},"b":{"0":[0],"1":[37],"2":[341,56,44]}}
}
