{"/Users/Peter/Coding/Node/Projects/WorkersOverlapingTime/src/index.ts": {"path":"/Users/Peter/Coding/Node/Projects/WorkersOverlapingTime/src/index.ts","statementMap":{"0":{"start":{"line":5,"column":0},"end":{"line":5,"column":51}},"1":{"start":{"line":6,"column":0},"end":{"line":6,"column":59}},"2":{"start":{"line":8,"column":25},"end":{"line":8,"column":40}},"3":{"start":{"line":9,"column":19},"end":{"line":9,"column":51}},"4":{"start":{"line":10,"column":18},"end":{"line":10,"column":59}}},"fnMap":{},"branchMap":{},"s":{"0":0,"1":0,"2":0,"3":0,"4":0},"f":{},"b":{}}
,"/Users/Peter/Coding/Node/Projects/WorkersOverlapingTime/src/DataFetching/DataLoader.ts": {"path":"/Users/Peter/Coding/Node/Projects/WorkersOverlapingTime/src/DataFetching/DataLoader.ts","statementMap":{"0":{"start":{"line":4,"column":2},"end":{"line":4,"column":25}},"1":{"start":{"line":5,"column":2},"end":{"line":5,"column":20}},"2":{"start":{"line":8,"column":4},"end":{"line":8,"column":21}},"3":{"start":{"line":12,"column":4},"end":{"line":12,"column":51}},"4":{"start":{"line":3,"column":0},"end":{"line":3,"column":21}}},"fnMap":{"0":{"name":"(anonymous_0)","decl":{"start":{"line":7,"column":2},"end":{"line":7,"column":14}},"loc":{"start":{"line":7,"column":26},"end":{"line":9,"column":3}}},"1":{"name":"(anonymous_1)","decl":{"start":{"line":11,"column":2},"end":{"line":11,"column":16}},"loc":{"start":{"line":11,"column":49},"end":{"line":13,"column":3}}}},"branchMap":{},"s":{"0":5,"1":5,"2":5,"3":5,"4":1},"f":{"0":5,"1":5},"b":{}}
,"/Users/Peter/Coding/Node/Projects/WorkersOverlapingTime/src/DataFetching/TextFileLoader.ts": {"path":"/Users/Peter/Coding/Node/Projects/WorkersOverlapingTime/src/DataFetching/TextFileLoader.ts","statementMap":{"0":{"start":{"line":4,"column":0},"end":{"line":4,"column":25}},"1":{"start":{"line":5,"column":20},"end":{"line":20,"column":2}},"2":{"start":{"line":24,"column":30},"end":{"line":24,"column":32}},"3":{"start":{"line":25,"column":4},"end":{"line":33,"column":null}},"4":{"start":{"line":26,"column":6},"end":{"line":26,"column":51}},"5":{"start":{"line":28,"column":6},"end":{"line":32,"column":null}},"6":{"start":{"line":29,"column":8},"end":{"line":29,"column":24}},"7":{"start":{"line":30,"column":13},"end":{"line":32,"column":null}},"8":{"start":{"line":31,"column":8},"end":{"line":31,"column":31}},"9":{"start":{"line":34,"column":4},"end":{"line":34,"column":38}},"10":{"start":{"line":34,"column":28},"end":{"line":34,"column":38}},"11":{"start":{"line":35,"column":4},"end":{"line":35,"column":52}},"12":{"start":{"line":35,"column":42},"end":{"line":35,"column":52}},"13":{"start":{"line":36,"column":4},"end":{"line":36,"column":49}},"14":{"start":{"line":40,"column":27},"end":{"line":40,"column":31}},"15":{"start":{"line":41,"column":4},"end":{"line":43,"column":null}},"16":{"start":{"line":42,"column":6},"end":{"line":42,"column":60}},"17":{"start":{"line":42,"column":44},"end":{"line":42,"column":60}},"18":{"start":{"line":44,"column":4},"end":{"line":44,"column":51}},"19":{"start":{"line":44,"column":18},"end":{"line":44,"column":51}},"20":{"start":{"line":45,"column":4},"end":{"line":45,"column":19}},"21":{"start":{"line":49,"column":4},"end":{"line":49,"column":33}},"22":{"start":{"line":49,"column":21},"end":{"line":49,"column":33}},"23":{"start":{"line":51,"column":6},"end":{"line":51,"column":85}},"24":{"start":{"line":52,"column":20},"end":{"line":52,"column":36}},"25":{"start":{"line":53,"column":4},"end":{"line":53,"column":19}},"26":{"start":{"line":57,"column":35},"end":{"line":57,"column":37}},"27":{"start":{"line":58,"column":4},"end":{"line":63,"column":null}},"28":{"start":{"line":59,"column":6},"end":{"line":59,"column":32}},"29":{"start":{"line":59,"column":23},"end":{"line":59,"column":32}},"30":{"start":{"line":60,"column":40},"end":{"line":60,"column":73}},"31":{"start":{"line":61,"column":39},"end":{"line":61,"column":80}},"32":{"start":{"line":62,"column":6},"end":{"line":62,"column":39}},"33":{"start":{"line":64,"column":4},"end":{"line":64,"column":21}},"34":{"start":{"line":67,"column":4},"end":{"line":74,"column":7}},"35":{"start":{"line":68,"column":51},"end":{"line":68,"column":81}},"36":{"start":{"line":69,"column":6},"end":{"line":73,"column":8}},"37":{"start":{"line":77,"column":19},"end":{"line":77,"column":45}},"38":{"start":{"line":78,"column":25},"end":{"line":78,"column":51}},"39":{"start":{"line":79,"column":23},"end":{"line":79,"column":50}},"40":{"start":{"line":80,"column":4},"end":{"line":80,"column":48}},"41":{"start":{"line":87,"column":36},"end":{"line":87,"column":51}},"42":{"start":{"line":88,"column":28},"end":{"line":88,"column":54}},"43":{"start":{"line":89,"column":4},"end":{"line":89,"column":37}},"44":{"start":{"line":22,"column":0},"end":{"line":22,"column":21}}},"fnMap":{"0":{"name":"(anonymous_6)","decl":{"start":{"line":23,"column":2},"end":{"line":23,"column":16}},"loc":{"start":{"line":23,"column":29},"end":{"line":37,"column":3}}},"1":{"name":"(anonymous_7)","decl":{"start":{"line":39,"column":10},"end":{"line":39,"column":23}},"loc":{"start":{"line":39,"column":43},"end":{"line":46,"column":3}}},"2":{"name":"(anonymous_8)","decl":{"start":{"line":48,"column":10},"end":{"line":48,"column":21}},"loc":{"start":{"line":48,"column":34},"end":{"line":54,"column":3}}},"3":{"name":"(anonymous_9)","decl":{"start":{"line":56,"column":10},"end":{"line":56,"column":29}},"loc":{"start":{"line":56,"column":49},"end":{"line":65,"column":3}}},"4":{"name":"(anonymous_10)","decl":{"start":{"line":66,"column":10},"end":{"line":66,"column":29}},"loc":{"start":{"line":66,"column":55},"end":{"line":75,"column":3}}},"5":{"name":"(anonymous_11)","decl":{"start":{"line":67,"column":31},"end":{"line":67,"column":32}},"loc":{"start":{"line":67,"column":50},"end":{"line":74,"column":5}}},"6":{"name":"(anonymous_12)","decl":{"start":{"line":76,"column":10},"end":{"line":76,"column":19}},"loc":{"start":{"line":76,"column":42},"end":{"line":81,"column":3}}},"7":{"name":"(anonymous_13)","decl":{"start":{"line":83,"column":10},"end":{"line":83,"column":32}},"loc":{"start":{"line":83,"column":45},"end":{"line":90,"column":3}}}},"branchMap":{"0":{"loc":{"start":{"line":28,"column":6},"end":{"line":32,"column":null}},"type":"if","locations":[{"start":{"line":28,"column":6},"end":{"line":32,"column":null}},{"start":{"line":30,"column":13},"end":{"line":32,"column":null}}]},"1":{"loc":{"start":{"line":30,"column":13},"end":{"line":32,"column":null}},"type":"if","locations":[{"start":{"line":30,"column":13},"end":{"line":32,"column":null}}]},"2":{"loc":{"start":{"line":34,"column":4},"end":{"line":34,"column":38}},"type":"if","locations":[{"start":{"line":34,"column":4},"end":{"line":34,"column":38}}]},"3":{"loc":{"start":{"line":35,"column":4},"end":{"line":35,"column":52}},"type":"if","locations":[{"start":{"line":35,"column":4},"end":{"line":35,"column":52}}]},"4":{"loc":{"start":{"line":42,"column":6},"end":{"line":42,"column":60}},"type":"if","locations":[{"start":{"line":42,"column":6},"end":{"line":42,"column":60}}]},"5":{"loc":{"start":{"line":44,"column":4},"end":{"line":44,"column":51}},"type":"if","locations":[{"start":{"line":44,"column":4},"end":{"line":44,"column":51}}]},"6":{"loc":{"start":{"line":49,"column":4},"end":{"line":49,"column":33}},"type":"if","locations":[{"start":{"line":49,"column":4},"end":{"line":49,"column":33}}]},"7":{"loc":{"start":{"line":59,"column":6},"end":{"line":59,"column":32}},"type":"if","locations":[{"start":{"line":59,"column":6},"end":{"line":59,"column":32}}]}},"s":{"0":1,"1":1,"2":5,"3":5,"4":5,"5":1,"6":0,"7":1,"8":0,"9":5,"10":2,"11":3,"12":1,"13":2,"14":3,"15":3,"16":10,"17":1,"18":3,"19":1,"20":3,"21":10,"22":2,"23":8,"24":8,"25":8,"26":2,"27":2,"28":6,"29":1,"30":5,"31":5,"32":5,"33":2,"34":5,"35":19,"36":19,"37":19,"38":19,"39":19,"40":19,"41":5,"42":5,"43":5,"44":1},"f":{"0":5,"1":3,"2":10,"3":2,"4":5,"5":19,"6":19,"7":5},"b":{"0":[0,1],"1":[0],"2":[2],"3":[1],"4":[1],"5":[1],"6":[2],"7":[1]}}
}
