TN:
SF:src/index.ts
FNF:0
FNH:0
DA:1,0
DA:2,0
DA:3,0
DA:5,0
DA:6,0
DA:7,0
DA:8,0
DA:10,0
LF:8
LH:0
BRF:0
BRH:0
end_of_record
TN:
SF:src/DataFetching/DataLoader.ts
FN:7,(anonymous_0)
FN:11,(anonymous_1)
FNF:2
FNH:2
FNDA:5,(anonymous_0)
FNDA:5,(anonymous_1)
DA:3,1
DA:4,5
DA:5,5
DA:8,5
DA:12,5
LF:5
LH:5
BRF:0
BRH:0
end_of_record
TN:
SF:src/DataFetching/TextFileLoader.ts
FN:7,(anonymous_6)
FN:23,(anonymous_7)
FN:32,(anonymous_8)
FN:40,(anonymous_9)
FN:52,(anonymous_10)
FN:53,(anonymous_11)
FN:63,(anonymous_12)
FN:70,(anonymous_13)
FNF:8
FNH:8
FNDA:5,(anonymous_6)
FNDA:3,(anonymous_7)
FNDA:10,(anonymous_8)
FNDA:2,(anonymous_9)
FNDA:5,(anonymous_10)
FNDA:19,(anonymous_11)
FNDA:19,(anonymous_12)
FNDA:5,(anonymous_13)
DA:4,1
DA:6,1
DA:8,5
DA:9,5
DA:10,5
DA:12,1
DA:13,0
DA:14,1
DA:15,0
DA:18,5
DA:19,3
DA:20,2
DA:24,3
DA:25,3
DA:26,10
DA:28,3
DA:29,3
DA:33,10
DA:35,8
DA:36,8
DA:37,8
DA:41,2
DA:42,2
DA:43,6
DA:44,5
DA:45,5
DA:46,5
DA:48,2
DA:53,5
DA:54,19
DA:55,19
DA:64,19
DA:65,19
DA:66,19
DA:67,19
DA:74,5
DA:75,5
DA:76,5
LF:38
LH:36
BRDA:12,0,0,0
BRDA:12,0,1,1
BRDA:14,1,0,0
BRDA:18,2,0,2
BRDA:19,3,0,1
BRDA:26,4,0,1
BRDA:28,5,0,1
BRDA:33,6,0,2
BRDA:43,7,0,1
BRF:9
BRH:7
end_of_record
TN:
SF:src/Employee/CommonEmployee.ts
FN:6,(anonymous_1)
FNF:1
FNH:0
FNDA:0,(anonymous_1)
DA:1,1
DA:4,1
DA:5,0
DA:7,0
LF:4
LH:2
BRF:0
BRH:0
end_of_record
TN:
SF:src/Employee/Employee.ts
FN:7,(anonymous_0)
FNF:1
FNH:0
FNDA:0,(anonymous_0)
DA:4,1
DA:8,0
DA:9,0
LF:3
LH:1
BRF:0
BRH:0
end_of_record
TN:
SF:src/Employee/EmployeeFactory.ts
FN:6,(anonymous_1)
FNF:1
FNH:0
FNDA:0,(anonymous_1)
DA:1,1
DA:5,1
DA:8,0
DA:9,0
LF:4
LH:2
BRDA:8,0,0,0
BRF:1
BRH:0
end_of_record
TN:
SF:src/Organization/Organization.ts
FN:8,(anonymous_1)
FN:24,(anonymous_2)
FN:13,(anonymous_3)
FN:47,(anonymous_4)
FNF:4
FNH:3
FNDA:4,(anonymous_1)
FNDA:4,(anonymous_2)
FNDA:0,(anonymous_3)
FNDA:24,(anonymous_4)
DA:1,1
DA:4,1
DA:6,4
DA:9,4
DA:10,4
DA:14,0
DA:15,0
DA:20,0
DA:24,4
DA:25,4
DA:27,4
DA:28,15
DA:29,24
DA:30,24
DA:32,24
DA:33,99
DA:34,341
DA:35,37
DA:39,24
DA:43,4
DA:48,24
DA:49,24
DA:50,24
DA:51,24
DA:52,24
LF:25
LH:22
BRDA:8,0,0,0
BRDA:34,1,0,37
BRDA:34,2,0,341
BRDA:34,2,1,56
BRDA:34,2,2,44
BRF:5
BRH:4
end_of_record
