TN:
SF:src/index.ts
FNF:0
FNH:0
DA:5,0
DA:6,0
DA:8,0
DA:9,0
DA:10,0
LF:5
LH:0
BRF:0
BRH:0
end_of_record
TN:
SF:src/DataFetching/DataLoader.ts
FN:7,(anonymous_0)
FN:11,(anonymous_1)
FNF:2
FNH:2
FNDA:5,(anonymous_0)
FNDA:5,(anonymous_1)
DA:3,1
DA:4,5
DA:5,5
DA:8,5
DA:12,5
LF:5
LH:5
BRF:0
BRH:0
end_of_record
TN:
SF:src/DataFetching/TextFileLoader.ts
FN:23,(anonymous_6)
FN:39,(anonymous_7)
FN:48,(anonymous_8)
FN:56,(anonymous_9)
FN:66,(anonymous_10)
FN:67,(anonymous_11)
FN:76,(anonymous_12)
FN:83,(anonymous_13)
FNF:8
FNH:8
FNDA:5,(anonymous_6)
FNDA:3,(anonymous_7)
FNDA:10,(anonymous_8)
FNDA:2,(anonymous_9)
FNDA:5,(anonymous_10)
FNDA:19,(anonymous_11)
FNDA:19,(anonymous_12)
FNDA:5,(anonymous_13)
DA:4,1
DA:5,1
DA:22,1
DA:24,5
DA:25,5
DA:26,5
DA:28,1
DA:29,0
DA:30,1
DA:31,0
DA:34,5
DA:35,3
DA:36,2
DA:40,3
DA:41,3
DA:42,10
DA:44,3
DA:45,3
DA:49,10
DA:51,8
DA:52,8
DA:53,8
DA:57,2
DA:58,2
DA:59,6
DA:60,5
DA:61,5
DA:62,5
DA:64,2
DA:67,5
DA:68,19
DA:69,19
DA:77,19
DA:78,19
DA:79,19
DA:80,19
DA:87,5
DA:88,5
DA:89,5
LF:39
LH:37
BRDA:28,0,0,0
BRDA:28,0,1,1
BRDA:30,1,0,0
BRDA:34,2,0,2
BRDA:35,3,0,1
BRDA:42,4,0,1
BRDA:44,5,0,1
BRDA:49,6,0,2
BRDA:59,7,0,1
BRF:9
BRH:7
end_of_record
